<?xml version="1.0" encoding="UTF-8"?>
<testsuite xmlns:xsi="http://www.w3.org/2001/XMLSchema-instance" xsi:noNamespaceSchemaLocation="https://maven.apache.org/surefire/maven-surefire-plugin/xsd/surefire-test-report.xsd" name="com.mkyong.TransactionControllerTest" time="4.714" tests="3" errors="0" skipped="0" failures="0">
  <properties>
[...]
</properties>
  <testcase name="find_allTransaction_OK" classname="com.mkyong.TransactionControllerTest" time="0.204"/>
  <testcase name="find_bookIdNotFound_404" classname="com.mkyong.TransactionControllerTest" time="0.004"/>
  <testcase name="find_bookIdNotFound_405" classname="com.mkyong.TransactionControllerTest" time="0.008"/>
</testsuite>